
state 0
	$accept: .chunk $end 
	chunk1: .    (4)

	.  reduce 4 (src line 97)

	chunk  goto 1
	chunk1  goto 2

state 1
	$accept:  chunk.$end 

	$end  accept
	.  error


state 2
	chunk:  chunk1.    (1)
	chunk:  chunk1.laststat 
	chunk:  chunk1.laststat ';' 
	chunk1:  chunk1.stat 
	chunk1:  chunk1.';' 

	TK_BREAK  shift 7
	TK_DO  shift 10
	TK_FOR  shift 14
	TK_FUNCTION  shift 15
	TK_IF  shift 13
	TK_LOCAL  shift 16
	TK_RETURN  shift 6
	TK_REPEAT  shift 12
	TK_WHILE  shift 11
	TK_NAME  shift 21
	'('  shift 20
	';'  shift 5
	.  reduce 1 (src line 77)

	stat  goto 4
	laststat  goto 3
	varlist  goto 8
	var  goto 17
	prefixexp  goto 9
	functioncall  goto 19
	afunctioncall  goto 18

state 3
	chunk:  chunk1 laststat.    (2)
	chunk:  chunk1 laststat.';' 

	';'  shift 22
	.  reduce 2 (src line 83)


state 4
	chunk1:  chunk1 stat.    (5)

	.  reduce 5 (src line 100)


state 5
	chunk1:  chunk1 ';'.    (6)

	.  reduce 6 (src line 103)


state 6
	laststat:  TK_RETURN.    (24)
	laststat:  TK_RETURN.exprlist 

	TK_FALSE  shift 26
	TK_FUNCTION  shift 38
	TK_NIL  shift 25
	TK_NOT  shift 35
	TK_TRUE  shift 27
	TK_SHORTCOMMENT  shift 37
	TK_NAME  shift 21
	TK_NUMBER  shift 28
	TK_STRING  shift 40
	T3Comma  shift 29
	'{'  shift 41
	'('  shift 20
	'-'  shift 34
	'#'  shift 36
	.  reduce 24 (src line 206)

	var  goto 39
	exprlist  goto 23
	expr  goto 24
	string  goto 32
	prefixexp  goto 31
	functioncall  goto 19
	afunctioncall  goto 18
	function  goto 30
	tableconstructor  goto 33

state 7
	laststat:  TK_BREAK.    (26)

	.  reduce 26 (src line 214)


state 8
	stat:  varlist.'=' exprlist 
	varlist:  varlist.',' var 

	'='  shift 42
	','  shift 43
	.  error


9: shift/reduce conflict (shift 48(0), red'n 9(0)) on '('
state 9
	stat:  prefixexp.    (9)
	var:  prefixexp.'[' expr ']' 
	var:  prefixexp.'.' TK_NAME 
	functioncall:  prefixexp.args 
	functioncall:  prefixexp.':' TK_NAME args 

	TK_STRING  shift 40
	'{'  shift 41
	'('  shift 48
	':'  shift 47
	'.'  shift 45
	'['  shift 44
	.  reduce 9 (src line 117)

	string  goto 50
	args  goto 46
	tableconstructor  goto 49

state 10
	stat:  TK_DO.block TK_END 
	chunk1: .    (4)

	.  reduce 4 (src line 97)

	chunk  goto 52
	chunk1  goto 2
	block  goto 51

state 11
	stat:  TK_WHILE.expr TK_DO block TK_END 

	TK_FALSE  shift 26
	TK_FUNCTION  shift 38
	TK_NIL  shift 25
	TK_NOT  shift 35
	TK_TRUE  shift 27
	TK_SHORTCOMMENT  shift 37
	TK_NAME  shift 21
	TK_NUMBER  shift 28
	TK_STRING  shift 40
	T3Comma  shift 29
	'{'  shift 41
	'('  shift 20
	'-'  shift 34
	'#'  shift 36
	.  error

	var  goto 39
	expr  goto 53
	string  goto 32
	prefixexp  goto 31
	functioncall  goto 19
	afunctioncall  goto 18
	function  goto 30
	tableconstructor  goto 33

state 12
	stat:  TK_REPEAT.block TK_UNTIL expr 
	chunk1: .    (4)

	.  reduce 4 (src line 97)

	chunk  goto 52
	chunk1  goto 2
	block  goto 54

state 13
	stat:  TK_IF.expr TK_THEN block elseifs TK_END 
	stat:  TK_IF.expr TK_THEN block elseifs TK_ELSE block TK_END 

	TK_FALSE  shift 26
	TK_FUNCTION  shift 38
	TK_NIL  shift 25
	TK_NOT  shift 35
	TK_TRUE  shift 27
	TK_SHORTCOMMENT  shift 37
	TK_NAME  shift 21
	TK_NUMBER  shift 28
	TK_STRING  shift 40
	T3Comma  shift 29
	'{'  shift 41
	'('  shift 20
	'-'  shift 34
	'#'  shift 36
	.  error

	var  goto 39
	expr  goto 55
	string  goto 32
	prefixexp  goto 31
	functioncall  goto 19
	afunctioncall  goto 18
	function  goto 30
	tableconstructor  goto 33

state 14
	stat:  TK_FOR.TK_NAME '=' expr ',' expr TK_DO block TK_END 
	stat:  TK_FOR.TK_NAME '=' expr ',' expr ',' expr TK_DO block TK_END 
	stat:  TK_FOR.namelist TK_IN exprlist TK_DO block TK_END 

	TK_NAME  shift 56
	.  error

	namelist  goto 57

state 15
	stat:  TK_FUNCTION.funcname funcbody 

	TK_NAME  shift 60
	.  error

	funcname  goto 58
	funcname1  goto 59

state 16
	stat:  TK_LOCAL.TK_FUNCTION TK_NAME funcbody 
	stat:  TK_LOCAL.namelist '=' exprlist 
	stat:  TK_LOCAL.namelist 

	TK_FUNCTION  shift 61
	TK_NAME  shift 63
	.  error

	namelist  goto 62

state 17
	varlist:  var.    (31)
	prefixexp:  var.    (69)

	'='  reduce 31 (src line 241)
	','  reduce 31 (src line 241)
	.  reduce 69 (src line 396)


state 18
	prefixexp:  afunctioncall.    (70)

	.  reduce 70 (src line 399)


state 19
	prefixexp:  functioncall.    (71)

	.  reduce 71 (src line 402)


state 20
	prefixexp:  '('.expr ')' 
	afunctioncall:  '('.functioncall ')' 

	TK_FALSE  shift 26
	TK_FUNCTION  shift 38
	TK_NIL  shift 25
	TK_NOT  shift 35
	TK_TRUE  shift 27
	TK_SHORTCOMMENT  shift 37
	TK_NAME  shift 21
	TK_NUMBER  shift 28
	TK_STRING  shift 40
	T3Comma  shift 29
	'{'  shift 41
	'('  shift 20
	'-'  shift 34
	'#'  shift 36
	.  error

	var  goto 39
	expr  goto 64
	string  goto 32
	prefixexp  goto 31
	functioncall  goto 65
	afunctioncall  goto 18
	function  goto 30
	tableconstructor  goto 33

state 21
	var:  TK_NAME.    (33)

	.  reduce 33 (src line 249)


state 22
	chunk:  chunk1 laststat ';'.    (3)

	.  reduce 3 (src line 89)


state 23
	laststat:  TK_RETURN exprlist.    (25)
	exprlist:  exprlist.',' expr 

	','  shift 66
	.  reduce 25 (src line 210)


state 24
	exprlist:  expr.    (38)
	expr:  expr.TK_OR expr 
	expr:  expr.TK_AND expr 
	expr:  expr.'>' expr 
	expr:  expr.'<' expr 
	expr:  expr.TK_GE expr 
	expr:  expr.TK_LE expr 
	expr:  expr.TK_EQ expr 
	expr:  expr.TK_NE expr 
	expr:  expr.T2Comma expr 
	expr:  expr.'+' expr 
	expr:  expr.'-' expr 
	expr:  expr.'*' expr 
	expr:  expr.'/' expr 
	expr:  expr.'%' expr 
	expr:  expr.'^' expr 

	TK_AND  shift 68
	TK_OR  shift 67
	TK_EQ  shift 73
	TK_NE  shift 74
	TK_LE  shift 72
	TK_GE  shift 71
	T2Comma  shift 75
	'>'  shift 69
	'<'  shift 70
	'+'  shift 76
	'-'  shift 77
	'*'  shift 78
	'/'  shift 79
	'%'  shift 80
	'^'  shift 81
	.  reduce 38 (src line 273)


state 25
	expr:  TK_NIL.    (40)

	.  reduce 40 (src line 281)


state 26
	expr:  TK_FALSE.    (41)

	.  reduce 41 (src line 285)


state 27
	expr:  TK_TRUE.    (42)

	.  reduce 42 (src line 289)


state 28
	expr:  TK_NUMBER.    (43)

	.  reduce 43 (src line 293)


state 29
	expr:  T3Comma.    (44)

	.  reduce 44 (src line 297)


state 30
	expr:  function.    (45)

	.  reduce 45 (src line 301)


31: shift/reduce conflict (shift 48(0), red'n 46(0)) on '('
state 31
	var:  prefixexp.'[' expr ']' 
	var:  prefixexp.'.' TK_NAME 
	expr:  prefixexp.    (46)
	functioncall:  prefixexp.args 
	functioncall:  prefixexp.':' TK_NAME args 

	TK_STRING  shift 40
	'{'  shift 41
	'('  shift 48
	':'  shift 47
	'.'  shift 45
	'['  shift 44
	.  reduce 46 (src line 304)

	string  goto 50
	args  goto 46
	tableconstructor  goto 49

state 32
	expr:  string.    (47)

	.  reduce 47 (src line 307)


state 33
	expr:  tableconstructor.    (48)

	.  reduce 48 (src line 310)


state 34
	expr:  '-'.expr 

	TK_FALSE  shift 26
	TK_FUNCTION  shift 38
	TK_NIL  shift 25
	TK_NOT  shift 35
	TK_TRUE  shift 27
	TK_SHORTCOMMENT  shift 37
	TK_NAME  shift 21
	TK_NUMBER  shift 28
	TK_STRING  shift 40
	T3Comma  shift 29
	'{'  shift 41
	'('  shift 20
	'-'  shift 34
	'#'  shift 36
	.  error

	var  goto 39
	expr  goto 82
	string  goto 32
	prefixexp  goto 31
	functioncall  goto 19
	afunctioncall  goto 18
	function  goto 30
	tableconstructor  goto 33

state 35
	expr:  TK_NOT.expr 

	TK_FALSE  shift 26
	TK_FUNCTION  shift 38
	TK_NIL  shift 25
	TK_NOT  shift 35
	TK_TRUE  shift 27
	TK_SHORTCOMMENT  shift 37
	TK_NAME  shift 21
	TK_NUMBER  shift 28
	TK_STRING  shift 40
	T3Comma  shift 29
	'{'  shift 41
	'('  shift 20
	'-'  shift 34
	'#'  shift 36
	.  error

	var  goto 39
	expr  goto 83
	string  goto 32
	prefixexp  goto 31
	functioncall  goto 19
	afunctioncall  goto 18
	function  goto 30
	tableconstructor  goto 33

state 36
	expr:  '#'.expr 

	TK_FALSE  shift 26
	TK_FUNCTION  shift 38
	TK_NIL  shift 25
	TK_NOT  shift 35
	TK_TRUE  shift 27
	TK_SHORTCOMMENT  shift 37
	TK_NAME  shift 21
	TK_NUMBER  shift 28
	TK_STRING  shift 40
	T3Comma  shift 29
	'{'  shift 41
	'('  shift 20
	'-'  shift 34
	'#'  shift 36
	.  error

	var  goto 39
	expr  goto 84
	string  goto 32
	prefixexp  goto 31
	functioncall  goto 19
	afunctioncall  goto 18
	function  goto 30
	tableconstructor  goto 33

state 37
	expr:  TK_SHORTCOMMENT.    (67)

	.  reduce 67 (src line 385)


state 38
	function:  TK_FUNCTION.funcbody 

	'('  shift 86
	.  error

	funcbody  goto 85

state 39
	prefixexp:  var.    (69)

	.  reduce 69 (src line 396)


state 40
	string:  TK_STRING.    (68)

	.  reduce 68 (src line 390)


state 41
	tableconstructor:  '{'.'}' 
	tableconstructor:  '{'.fieldlist '}' 

	TK_FALSE  shift 26
	TK_FUNCTION  shift 38
	TK_NIL  shift 25
	TK_NOT  shift 35
	TK_TRUE  shift 27
	TK_SHORTCOMMENT  shift 37
	TK_NAME  shift 90
	TK_NUMBER  shift 28
	TK_STRING  shift 40
	T3Comma  shift 29
	'{'  shift 41
	'('  shift 20
	'-'  shift 34
	'['  shift 91
	'#'  shift 36
	'}'  shift 87
	.  error

	var  goto 39
	expr  goto 92
	string  goto 32
	prefixexp  goto 31
	functioncall  goto 19
	afunctioncall  goto 18
	function  goto 30
	tableconstructor  goto 33
	fieldlist  goto 88
	field  goto 89

state 42
	stat:  varlist '='.exprlist 

	TK_FALSE  shift 26
	TK_FUNCTION  shift 38
	TK_NIL  shift 25
	TK_NOT  shift 35
	TK_TRUE  shift 27
	TK_SHORTCOMMENT  shift 37
	TK_NAME  shift 21
	TK_NUMBER  shift 28
	TK_STRING  shift 40
	T3Comma  shift 29
	'{'  shift 41
	'('  shift 20
	'-'  shift 34
	'#'  shift 36
	.  error

	var  goto 39
	exprlist  goto 93
	expr  goto 24
	string  goto 32
	prefixexp  goto 31
	functioncall  goto 19
	afunctioncall  goto 18
	function  goto 30
	tableconstructor  goto 33

state 43
	varlist:  varlist ','.var 

	TK_NAME  shift 21
	'('  shift 20
	.  error

	var  goto 94
	prefixexp  goto 95
	functioncall  goto 19
	afunctioncall  goto 18

state 44
	var:  prefixexp '['.expr ']' 

	TK_FALSE  shift 26
	TK_FUNCTION  shift 38
	TK_NIL  shift 25
	TK_NOT  shift 35
	TK_TRUE  shift 27
	TK_SHORTCOMMENT  shift 37
	TK_NAME  shift 21
	TK_NUMBER  shift 28
	TK_STRING  shift 40
	T3Comma  shift 29
	'{'  shift 41
	'('  shift 20
	'-'  shift 34
	'#'  shift 36
	.  error

	var  goto 39
	expr  goto 96
	string  goto 32
	prefixexp  goto 31
	functioncall  goto 19
	afunctioncall  goto 18
	function  goto 30
	tableconstructor  goto 33

state 45
	var:  prefixexp '.'.TK_NAME 

	TK_NAME  shift 97
	.  error


state 46
	functioncall:  prefixexp args.    (74)

	.  reduce 74 (src line 417)


state 47
	functioncall:  prefixexp ':'.TK_NAME args 

	TK_NAME  shift 98
	.  error


state 48
	args:  '('.')' 
	args:  '('.exprlist ')' 

	TK_FALSE  shift 26
	TK_FUNCTION  shift 38
	TK_NIL  shift 25
	TK_NOT  shift 35
	TK_TRUE  shift 27
	TK_SHORTCOMMENT  shift 37
	TK_NAME  shift 21
	TK_NUMBER  shift 28
	TK_STRING  shift 40
	T3Comma  shift 29
	'{'  shift 41
	'('  shift 20
	'-'  shift 34
	'#'  shift 36
	')'  shift 99
	.  error

	var  goto 39
	exprlist  goto 100
	expr  goto 24
	string  goto 32
	prefixexp  goto 31
	functioncall  goto 19
	afunctioncall  goto 18
	function  goto 30
	tableconstructor  goto 33

state 49
	args:  tableconstructor.    (78)

	.  reduce 78 (src line 439)


state 50
	args:  string.    (79)

	.  reduce 79 (src line 442)


state 51
	stat:  TK_DO block.TK_END 

	TK_END  shift 101
	.  error


state 52
	block:  chunk.    (7)

	.  reduce 7 (src line 108)


state 53
	stat:  TK_WHILE expr.TK_DO block TK_END 
	expr:  expr.TK_OR expr 
	expr:  expr.TK_AND expr 
	expr:  expr.'>' expr 
	expr:  expr.'<' expr 
	expr:  expr.TK_GE expr 
	expr:  expr.TK_LE expr 
	expr:  expr.TK_EQ expr 
	expr:  expr.TK_NE expr 
	expr:  expr.T2Comma expr 
	expr:  expr.'+' expr 
	expr:  expr.'-' expr 
	expr:  expr.'*' expr 
	expr:  expr.'/' expr 
	expr:  expr.'%' expr 
	expr:  expr.'^' expr 

	TK_AND  shift 68
	TK_DO  shift 102
	TK_OR  shift 67
	TK_EQ  shift 73
	TK_NE  shift 74
	TK_LE  shift 72
	TK_GE  shift 71
	T2Comma  shift 75
	'>'  shift 69
	'<'  shift 70
	'+'  shift 76
	'-'  shift 77
	'*'  shift 78
	'/'  shift 79
	'%'  shift 80
	'^'  shift 81
	.  error


state 54
	stat:  TK_REPEAT block.TK_UNTIL expr 

	TK_UNTIL  shift 103
	.  error


state 55
	stat:  TK_IF expr.TK_THEN block elseifs TK_END 
	stat:  TK_IF expr.TK_THEN block elseifs TK_ELSE block TK_END 
	expr:  expr.TK_OR expr 
	expr:  expr.TK_AND expr 
	expr:  expr.'>' expr 
	expr:  expr.'<' expr 
	expr:  expr.TK_GE expr 
	expr:  expr.TK_LE expr 
	expr:  expr.TK_EQ expr 
	expr:  expr.TK_NE expr 
	expr:  expr.T2Comma expr 
	expr:  expr.'+' expr 
	expr:  expr.'-' expr 
	expr:  expr.'*' expr 
	expr:  expr.'/' expr 
	expr:  expr.'%' expr 
	expr:  expr.'^' expr 

	TK_AND  shift 68
	TK_OR  shift 67
	TK_THEN  shift 104
	TK_EQ  shift 73
	TK_NE  shift 74
	TK_LE  shift 72
	TK_GE  shift 71
	T2Comma  shift 75
	'>'  shift 69
	'<'  shift 70
	'+'  shift 76
	'-'  shift 77
	'*'  shift 78
	'/'  shift 79
	'%'  shift 80
	'^'  shift 81
	.  error


state 56
	stat:  TK_FOR TK_NAME.'=' expr ',' expr TK_DO block TK_END 
	stat:  TK_FOR TK_NAME.'=' expr ',' expr ',' expr TK_DO block TK_END 
	namelist:  TK_NAME.    (36)

	'='  shift 105
	.  reduce 36 (src line 265)


state 57
	stat:  TK_FOR namelist.TK_IN exprlist TK_DO block TK_END 
	namelist:  namelist.',' TK_NAME 

	TK_IN  shift 106
	','  shift 107
	.  error


state 58
	stat:  TK_FUNCTION funcname.funcbody 

	'('  shift 86
	.  error

	funcbody  goto 108

state 59
	funcname:  funcname1.    (27)
	funcname:  funcname1.':' TK_NAME 
	funcname1:  funcname1.'.' TK_NAME 

	':'  shift 109
	'.'  shift 110
	.  reduce 27 (src line 220)


state 60
	funcname1:  TK_NAME.    (29)

	.  reduce 29 (src line 228)


state 61
	stat:  TK_LOCAL TK_FUNCTION.TK_NAME funcbody 

	TK_NAME  shift 111
	.  error


state 62
	stat:  TK_LOCAL namelist.'=' exprlist 
	stat:  TK_LOCAL namelist.    (21)
	namelist:  namelist.',' TK_NAME 

	'='  shift 112
	','  shift 107
	.  reduce 21 (src line 191)


state 63
	namelist:  TK_NAME.    (36)

	.  reduce 36 (src line 265)


state 64
	expr:  expr.TK_OR expr 
	expr:  expr.TK_AND expr 
	expr:  expr.'>' expr 
	expr:  expr.'<' expr 
	expr:  expr.TK_GE expr 
	expr:  expr.TK_LE expr 
	expr:  expr.TK_EQ expr 
	expr:  expr.TK_NE expr 
	expr:  expr.T2Comma expr 
	expr:  expr.'+' expr 
	expr:  expr.'-' expr 
	expr:  expr.'*' expr 
	expr:  expr.'/' expr 
	expr:  expr.'%' expr 
	expr:  expr.'^' expr 
	prefixexp:  '(' expr.')' 

	TK_AND  shift 68
	TK_OR  shift 67
	TK_EQ  shift 73
	TK_NE  shift 74
	TK_LE  shift 72
	TK_GE  shift 71
	T2Comma  shift 75
	'>'  shift 69
	'<'  shift 70
	'+'  shift 76
	'-'  shift 77
	'*'  shift 78
	'/'  shift 79
	'%'  shift 80
	'^'  shift 81
	')'  shift 113
	.  error


65: shift/reduce conflict (shift 114(0), red'n 71(0)) on ')'
state 65
	prefixexp:  functioncall.    (71)
	afunctioncall:  '(' functioncall.')' 

	')'  shift 114
	.  reduce 71 (src line 402)


state 66
	exprlist:  exprlist ','.expr 

	TK_FALSE  shift 26
	TK_FUNCTION  shift 38
	TK_NIL  shift 25
	TK_NOT  shift 35
	TK_TRUE  shift 27
	TK_SHORTCOMMENT  shift 37
	TK_NAME  shift 21
	TK_NUMBER  shift 28
	TK_STRING  shift 40
	T3Comma  shift 29
	'{'  shift 41
	'('  shift 20
	'-'  shift 34
	'#'  shift 36
	.  error

	var  goto 39
	expr  goto 115
	string  goto 32
	prefixexp  goto 31
	functioncall  goto 19
	afunctioncall  goto 18
	function  goto 30
	tableconstructor  goto 33

state 67
	expr:  expr TK_OR.expr 

	TK_FALSE  shift 26
	TK_FUNCTION  shift 38
	TK_NIL  shift 25
	TK_NOT  shift 35
	TK_TRUE  shift 27
	TK_SHORTCOMMENT  shift 37
	TK_NAME  shift 21
	TK_NUMBER  shift 28
	TK_STRING  shift 40
	T3Comma  shift 29
	'{'  shift 41
	'('  shift 20
	'-'  shift 34
	'#'  shift 36
	.  error

	var  goto 39
	expr  goto 116
	string  goto 32
	prefixexp  goto 31
	functioncall  goto 19
	afunctioncall  goto 18
	function  goto 30
	tableconstructor  goto 33

state 68
	expr:  expr TK_AND.expr 

	TK_FALSE  shift 26
	TK_FUNCTION  shift 38
	TK_NIL  shift 25
	TK_NOT  shift 35
	TK_TRUE  shift 27
	TK_SHORTCOMMENT  shift 37
	TK_NAME  shift 21
	TK_NUMBER  shift 28
	TK_STRING  shift 40
	T3Comma  shift 29
	'{'  shift 41
	'('  shift 20
	'-'  shift 34
	'#'  shift 36
	.  error

	var  goto 39
	expr  goto 117
	string  goto 32
	prefixexp  goto 31
	functioncall  goto 19
	afunctioncall  goto 18
	function  goto 30
	tableconstructor  goto 33

state 69
	expr:  expr '>'.expr 

	TK_FALSE  shift 26
	TK_FUNCTION  shift 38
	TK_NIL  shift 25
	TK_NOT  shift 35
	TK_TRUE  shift 27
	TK_SHORTCOMMENT  shift 37
	TK_NAME  shift 21
	TK_NUMBER  shift 28
	TK_STRING  shift 40
	T3Comma  shift 29
	'{'  shift 41
	'('  shift 20
	'-'  shift 34
	'#'  shift 36
	.  error

	var  goto 39
	expr  goto 118
	string  goto 32
	prefixexp  goto 31
	functioncall  goto 19
	afunctioncall  goto 18
	function  goto 30
	tableconstructor  goto 33

state 70
	expr:  expr '<'.expr 

	TK_FALSE  shift 26
	TK_FUNCTION  shift 38
	TK_NIL  shift 25
	TK_NOT  shift 35
	TK_TRUE  shift 27
	TK_SHORTCOMMENT  shift 37
	TK_NAME  shift 21
	TK_NUMBER  shift 28
	TK_STRING  shift 40
	T3Comma  shift 29
	'{'  shift 41
	'('  shift 20
	'-'  shift 34
	'#'  shift 36
	.  error

	var  goto 39
	expr  goto 119
	string  goto 32
	prefixexp  goto 31
	functioncall  goto 19
	afunctioncall  goto 18
	function  goto 30
	tableconstructor  goto 33

state 71
	expr:  expr TK_GE.expr 

	TK_FALSE  shift 26
	TK_FUNCTION  shift 38
	TK_NIL  shift 25
	TK_NOT  shift 35
	TK_TRUE  shift 27
	TK_SHORTCOMMENT  shift 37
	TK_NAME  shift 21
	TK_NUMBER  shift 28
	TK_STRING  shift 40
	T3Comma  shift 29
	'{'  shift 41
	'('  shift 20
	'-'  shift 34
	'#'  shift 36
	.  error

	var  goto 39
	expr  goto 120
	string  goto 32
	prefixexp  goto 31
	functioncall  goto 19
	afunctioncall  goto 18
	function  goto 30
	tableconstructor  goto 33

state 72
	expr:  expr TK_LE.expr 

	TK_FALSE  shift 26
	TK_FUNCTION  shift 38
	TK_NIL  shift 25
	TK_NOT  shift 35
	TK_TRUE  shift 27
	TK_SHORTCOMMENT  shift 37
	TK_NAME  shift 21
	TK_NUMBER  shift 28
	TK_STRING  shift 40
	T3Comma  shift 29
	'{'  shift 41
	'('  shift 20
	'-'  shift 34
	'#'  shift 36
	.  error

	var  goto 39
	expr  goto 121
	string  goto 32
	prefixexp  goto 31
	functioncall  goto 19
	afunctioncall  goto 18
	function  goto 30
	tableconstructor  goto 33

state 73
	expr:  expr TK_EQ.expr 

	TK_FALSE  shift 26
	TK_FUNCTION  shift 38
	TK_NIL  shift 25
	TK_NOT  shift 35
	TK_TRUE  shift 27
	TK_SHORTCOMMENT  shift 37
	TK_NAME  shift 21
	TK_NUMBER  shift 28
	TK_STRING  shift 40
	T3Comma  shift 29
	'{'  shift 41
	'('  shift 20
	'-'  shift 34
	'#'  shift 36
	.  error

	var  goto 39
	expr  goto 122
	string  goto 32
	prefixexp  goto 31
	functioncall  goto 19
	afunctioncall  goto 18
	function  goto 30
	tableconstructor  goto 33

state 74
	expr:  expr TK_NE.expr 

	TK_FALSE  shift 26
	TK_FUNCTION  shift 38
	TK_NIL  shift 25
	TK_NOT  shift 35
	TK_TRUE  shift 27
	TK_SHORTCOMMENT  shift 37
	TK_NAME  shift 21
	TK_NUMBER  shift 28
	TK_STRING  shift 40
	T3Comma  shift 29
	'{'  shift 41
	'('  shift 20
	'-'  shift 34
	'#'  shift 36
	.  error

	var  goto 39
	expr  goto 123
	string  goto 32
	prefixexp  goto 31
	functioncall  goto 19
	afunctioncall  goto 18
	function  goto 30
	tableconstructor  goto 33

state 75
	expr:  expr T2Comma.expr 

	TK_FALSE  shift 26
	TK_FUNCTION  shift 38
	TK_NIL  shift 25
	TK_NOT  shift 35
	TK_TRUE  shift 27
	TK_SHORTCOMMENT  shift 37
	TK_NAME  shift 21
	TK_NUMBER  shift 28
	TK_STRING  shift 40
	T3Comma  shift 29
	'{'  shift 41
	'('  shift 20
	'-'  shift 34
	'#'  shift 36
	.  error

	var  goto 39
	expr  goto 124
	string  goto 32
	prefixexp  goto 31
	functioncall  goto 19
	afunctioncall  goto 18
	function  goto 30
	tableconstructor  goto 33

state 76
	expr:  expr '+'.expr 

	TK_FALSE  shift 26
	TK_FUNCTION  shift 38
	TK_NIL  shift 25
	TK_NOT  shift 35
	TK_TRUE  shift 27
	TK_SHORTCOMMENT  shift 37
	TK_NAME  shift 21
	TK_NUMBER  shift 28
	TK_STRING  shift 40
	T3Comma  shift 29
	'{'  shift 41
	'('  shift 20
	'-'  shift 34
	'#'  shift 36
	.  error

	var  goto 39
	expr  goto 125
	string  goto 32
	prefixexp  goto 31
	functioncall  goto 19
	afunctioncall  goto 18
	function  goto 30
	tableconstructor  goto 33

state 77
	expr:  expr '-'.expr 

	TK_FALSE  shift 26
	TK_FUNCTION  shift 38
	TK_NIL  shift 25
	TK_NOT  shift 35
	TK_TRUE  shift 27
	TK_SHORTCOMMENT  shift 37
	TK_NAME  shift 21
	TK_NUMBER  shift 28
	TK_STRING  shift 40
	T3Comma  shift 29
	'{'  shift 41
	'('  shift 20
	'-'  shift 34
	'#'  shift 36
	.  error

	var  goto 39
	expr  goto 126
	string  goto 32
	prefixexp  goto 31
	functioncall  goto 19
	afunctioncall  goto 18
	function  goto 30
	tableconstructor  goto 33

state 78
	expr:  expr '*'.expr 

	TK_FALSE  shift 26
	TK_FUNCTION  shift 38
	TK_NIL  shift 25
	TK_NOT  shift 35
	TK_TRUE  shift 27
	TK_SHORTCOMMENT  shift 37
	TK_NAME  shift 21
	TK_NUMBER  shift 28
	TK_STRING  shift 40
	T3Comma  shift 29
	'{'  shift 41
	'('  shift 20
	'-'  shift 34
	'#'  shift 36
	.  error

	var  goto 39
	expr  goto 127
	string  goto 32
	prefixexp  goto 31
	functioncall  goto 19
	afunctioncall  goto 18
	function  goto 30
	tableconstructor  goto 33

state 79
	expr:  expr '/'.expr 

	TK_FALSE  shift 26
	TK_FUNCTION  shift 38
	TK_NIL  shift 25
	TK_NOT  shift 35
	TK_TRUE  shift 27
	TK_SHORTCOMMENT  shift 37
	TK_NAME  shift 21
	TK_NUMBER  shift 28
	TK_STRING  shift 40
	T3Comma  shift 29
	'{'  shift 41
	'('  shift 20
	'-'  shift 34
	'#'  shift 36
	.  error

	var  goto 39
	expr  goto 128
	string  goto 32
	prefixexp  goto 31
	functioncall  goto 19
	afunctioncall  goto 18
	function  goto 30
	tableconstructor  goto 33

state 80
	expr:  expr '%'.expr 

	TK_FALSE  shift 26
	TK_FUNCTION  shift 38
	TK_NIL  shift 25
	TK_NOT  shift 35
	TK_TRUE  shift 27
	TK_SHORTCOMMENT  shift 37
	TK_NAME  shift 21
	TK_NUMBER  shift 28
	TK_STRING  shift 40
	T3Comma  shift 29
	'{'  shift 41
	'('  shift 20
	'-'  shift 34
	'#'  shift 36
	.  error

	var  goto 39
	expr  goto 129
	string  goto 32
	prefixexp  goto 31
	functioncall  goto 19
	afunctioncall  goto 18
	function  goto 30
	tableconstructor  goto 33

state 81
	expr:  expr '^'.expr 

	TK_FALSE  shift 26
	TK_FUNCTION  shift 38
	TK_NIL  shift 25
	TK_NOT  shift 35
	TK_TRUE  shift 27
	TK_SHORTCOMMENT  shift 37
	TK_NAME  shift 21
	TK_NUMBER  shift 28
	TK_STRING  shift 40
	T3Comma  shift 29
	'{'  shift 41
	'('  shift 20
	'-'  shift 34
	'#'  shift 36
	.  error

	var  goto 39
	expr  goto 130
	string  goto 32
	prefixexp  goto 31
	functioncall  goto 19
	afunctioncall  goto 18
	function  goto 30
	tableconstructor  goto 33

state 82
	expr:  expr.TK_OR expr 
	expr:  expr.TK_AND expr 
	expr:  expr.'>' expr 
	expr:  expr.'<' expr 
	expr:  expr.TK_GE expr 
	expr:  expr.TK_LE expr 
	expr:  expr.TK_EQ expr 
	expr:  expr.TK_NE expr 
	expr:  expr.T2Comma expr 
	expr:  expr.'+' expr 
	expr:  expr.'-' expr 
	expr:  expr.'*' expr 
	expr:  expr.'/' expr 
	expr:  expr.'%' expr 
	expr:  expr.'^' expr 
	expr:  '-' expr.    (64)

	'^'  shift 81
	.  reduce 64 (src line 373)


state 83
	expr:  expr.TK_OR expr 
	expr:  expr.TK_AND expr 
	expr:  expr.'>' expr 
	expr:  expr.'<' expr 
	expr:  expr.TK_GE expr 
	expr:  expr.TK_LE expr 
	expr:  expr.TK_EQ expr 
	expr:  expr.TK_NE expr 
	expr:  expr.T2Comma expr 
	expr:  expr.'+' expr 
	expr:  expr.'-' expr 
	expr:  expr.'*' expr 
	expr:  expr.'/' expr 
	expr:  expr.'%' expr 
	expr:  expr.'^' expr 
	expr:  TK_NOT expr.    (65)

	'^'  shift 81
	.  reduce 65 (src line 377)


state 84
	expr:  expr.TK_OR expr 
	expr:  expr.TK_AND expr 
	expr:  expr.'>' expr 
	expr:  expr.'<' expr 
	expr:  expr.TK_GE expr 
	expr:  expr.TK_LE expr 
	expr:  expr.TK_EQ expr 
	expr:  expr.TK_NE expr 
	expr:  expr.T2Comma expr 
	expr:  expr.'+' expr 
	expr:  expr.'-' expr 
	expr:  expr.'*' expr 
	expr:  expr.'/' expr 
	expr:  expr.'%' expr 
	expr:  expr.'^' expr 
	expr:  '#' expr.    (66)

	'^'  shift 81
	.  reduce 66 (src line 381)


state 85
	function:  TK_FUNCTION funcbody.    (80)

	.  reduce 80 (src line 447)


state 86
	funcbody:  '('.parlist ')' block TK_END 
	funcbody:  '('.')' block TK_END 

	TK_NAME  shift 63
	T3Comma  shift 133
	')'  shift 132
	.  error

	namelist  goto 134
	parlist  goto 131

state 87
	tableconstructor:  '{' '}'.    (86)

	.  reduce 86 (src line 480)


state 88
	tableconstructor:  '{' fieldlist.'}' 
	fieldlist:  fieldlist.fieldsep field 
	fieldlist:  fieldlist.fieldsep 

	';'  shift 138
	','  shift 137
	'}'  shift 135
	.  error

	fieldsep  goto 136

state 89
	fieldlist:  field.    (88)

	.  reduce 88 (src line 491)


state 90
	var:  TK_NAME.    (33)
	field:  TK_NAME.'=' expr 

	'='  shift 139
	.  reduce 33 (src line 249)


state 91
	field:  '['.expr ']' '=' expr 

	TK_FALSE  shift 26
	TK_FUNCTION  shift 38
	TK_NIL  shift 25
	TK_NOT  shift 35
	TK_TRUE  shift 27
	TK_SHORTCOMMENT  shift 37
	TK_NAME  shift 21
	TK_NUMBER  shift 28
	TK_STRING  shift 40
	T3Comma  shift 29
	'{'  shift 41
	'('  shift 20
	'-'  shift 34
	'#'  shift 36
	.  error

	var  goto 39
	expr  goto 140
	string  goto 32
	prefixexp  goto 31
	functioncall  goto 19
	afunctioncall  goto 18
	function  goto 30
	tableconstructor  goto 33

state 92
	expr:  expr.TK_OR expr 
	expr:  expr.TK_AND expr 
	expr:  expr.'>' expr 
	expr:  expr.'<' expr 
	expr:  expr.TK_GE expr 
	expr:  expr.TK_LE expr 
	expr:  expr.TK_EQ expr 
	expr:  expr.TK_NE expr 
	expr:  expr.T2Comma expr 
	expr:  expr.'+' expr 
	expr:  expr.'-' expr 
	expr:  expr.'*' expr 
	expr:  expr.'/' expr 
	expr:  expr.'%' expr 
	expr:  expr.'^' expr 
	field:  expr.    (93)

	TK_AND  shift 68
	TK_OR  shift 67
	TK_EQ  shift 73
	TK_NE  shift 74
	TK_LE  shift 72
	TK_GE  shift 71
	T2Comma  shift 75
	'>'  shift 69
	'<'  shift 70
	'+'  shift 76
	'-'  shift 77
	'*'  shift 78
	'/'  shift 79
	'%'  shift 80
	'^'  shift 81
	.  reduce 93 (src line 509)


state 93
	stat:  varlist '=' exprlist.    (8)
	exprlist:  exprlist.',' expr 

	','  shift 66
	.  reduce 8 (src line 113)


state 94
	varlist:  varlist ',' var.    (32)
	prefixexp:  var.    (69)

	'='  reduce 32 (src line 244)
	','  reduce 32 (src line 244)
	.  reduce 69 (src line 396)


state 95
	var:  prefixexp.'[' expr ']' 
	var:  prefixexp.'.' TK_NAME 
	functioncall:  prefixexp.args 
	functioncall:  prefixexp.':' TK_NAME args 

	TK_STRING  shift 40
	'{'  shift 41
	'('  shift 48
	':'  shift 47
	'.'  shift 45
	'['  shift 44
	.  error

	string  goto 50
	args  goto 46
	tableconstructor  goto 49

state 96
	var:  prefixexp '[' expr.']' 
	expr:  expr.TK_OR expr 
	expr:  expr.TK_AND expr 
	expr:  expr.'>' expr 
	expr:  expr.'<' expr 
	expr:  expr.TK_GE expr 
	expr:  expr.TK_LE expr 
	expr:  expr.TK_EQ expr 
	expr:  expr.TK_NE expr 
	expr:  expr.T2Comma expr 
	expr:  expr.'+' expr 
	expr:  expr.'-' expr 
	expr:  expr.'*' expr 
	expr:  expr.'/' expr 
	expr:  expr.'%' expr 
	expr:  expr.'^' expr 

	TK_AND  shift 68
	TK_OR  shift 67
	TK_EQ  shift 73
	TK_NE  shift 74
	TK_LE  shift 72
	TK_GE  shift 71
	T2Comma  shift 75
	'>'  shift 69
	'<'  shift 70
	'+'  shift 76
	'-'  shift 77
	'*'  shift 78
	'/'  shift 79
	'%'  shift 80
	'^'  shift 81
	']'  shift 141
	.  error


state 97
	var:  prefixexp '.' TK_NAME.    (35)

	.  reduce 35 (src line 257)


state 98
	functioncall:  prefixexp ':' TK_NAME.args 

	TK_STRING  shift 40
	'{'  shift 41
	'('  shift 48
	.  error

	string  goto 50
	args  goto 142
	tableconstructor  goto 49

state 99
	args:  '(' ')'.    (76)

	.  reduce 76 (src line 427)


state 100
	exprlist:  exprlist.',' expr 
	args:  '(' exprlist.')' 

	','  shift 66
	')'  shift 143
	.  error


state 101
	stat:  TK_DO block TK_END.    (10)

	.  reduce 10 (src line 126)


state 102
	stat:  TK_WHILE expr TK_DO.block TK_END 
	chunk1: .    (4)

	.  reduce 4 (src line 97)

	chunk  goto 52
	chunk1  goto 2
	block  goto 144

state 103
	stat:  TK_REPEAT block TK_UNTIL.expr 

	TK_FALSE  shift 26
	TK_FUNCTION  shift 38
	TK_NIL  shift 25
	TK_NOT  shift 35
	TK_TRUE  shift 27
	TK_SHORTCOMMENT  shift 37
	TK_NAME  shift 21
	TK_NUMBER  shift 28
	TK_STRING  shift 40
	T3Comma  shift 29
	'{'  shift 41
	'('  shift 20
	'-'  shift 34
	'#'  shift 36
	.  error

	var  goto 39
	expr  goto 145
	string  goto 32
	prefixexp  goto 31
	functioncall  goto 19
	afunctioncall  goto 18
	function  goto 30
	tableconstructor  goto 33

state 104
	stat:  TK_IF expr TK_THEN.block elseifs TK_END 
	stat:  TK_IF expr TK_THEN.block elseifs TK_ELSE block TK_END 
	chunk1: .    (4)

	.  reduce 4 (src line 97)

	chunk  goto 52
	chunk1  goto 2
	block  goto 146

state 105
	stat:  TK_FOR TK_NAME '='.expr ',' expr TK_DO block TK_END 
	stat:  TK_FOR TK_NAME '='.expr ',' expr ',' expr TK_DO block TK_END 

	TK_FALSE  shift 26
	TK_FUNCTION  shift 38
	TK_NIL  shift 25
	TK_NOT  shift 35
	TK_TRUE  shift 27
	TK_SHORTCOMMENT  shift 37
	TK_NAME  shift 21
	TK_NUMBER  shift 28
	TK_STRING  shift 40
	T3Comma  shift 29
	'{'  shift 41
	'('  shift 20
	'-'  shift 34
	'#'  shift 36
	.  error

	var  goto 39
	expr  goto 147
	string  goto 32
	prefixexp  goto 31
	functioncall  goto 19
	afunctioncall  goto 18
	function  goto 30
	tableconstructor  goto 33

state 106
	stat:  TK_FOR namelist TK_IN.exprlist TK_DO block TK_END 

	TK_FALSE  shift 26
	TK_FUNCTION  shift 38
	TK_NIL  shift 25
	TK_NOT  shift 35
	TK_TRUE  shift 27
	TK_SHORTCOMMENT  shift 37
	TK_NAME  shift 21
	TK_NUMBER  shift 28
	TK_STRING  shift 40
	T3Comma  shift 29
	'{'  shift 41
	'('  shift 20
	'-'  shift 34
	'#'  shift 36
	.  error

	var  goto 39
	exprlist  goto 148
	expr  goto 24
	string  goto 32
	prefixexp  goto 31
	functioncall  goto 19
	afunctioncall  goto 18
	function  goto 30
	tableconstructor  goto 33

state 107
	namelist:  namelist ','.TK_NAME 

	TK_NAME  shift 149
	.  error


state 108
	stat:  TK_FUNCTION funcname funcbody.    (18)

	.  reduce 18 (src line 177)


state 109
	funcname:  funcname1 ':'.TK_NAME 

	TK_NAME  shift 150
	.  error


state 110
	funcname1:  funcname1 '.'.TK_NAME 

	TK_NAME  shift 151
	.  error


state 111
	stat:  TK_LOCAL TK_FUNCTION TK_NAME.funcbody 

	'('  shift 86
	.  error

	funcbody  goto 152

state 112
	stat:  TK_LOCAL namelist '='.exprlist 

	TK_FALSE  shift 26
	TK_FUNCTION  shift 38
	TK_NIL  shift 25
	TK_NOT  shift 35
	TK_TRUE  shift 27
	TK_SHORTCOMMENT  shift 37
	TK_NAME  shift 21
	TK_NUMBER  shift 28
	TK_STRING  shift 40
	T3Comma  shift 29
	'{'  shift 41
	'('  shift 20
	'-'  shift 34
	'#'  shift 36
	.  error

	var  goto 39
	exprlist  goto 153
	expr  goto 24
	string  goto 32
	prefixexp  goto 31
	functioncall  goto 19
	afunctioncall  goto 18
	function  goto 30
	tableconstructor  goto 33

state 113
	prefixexp:  '(' expr ')'.    (72)

	.  reduce 72 (src line 405)


state 114
	afunctioncall:  '(' functioncall ')'.    (73)

	.  reduce 73 (src line 411)


state 115
	exprlist:  exprlist ',' expr.    (39)
	expr:  expr.TK_OR expr 
	expr:  expr.TK_AND expr 
	expr:  expr.'>' expr 
	expr:  expr.'<' expr 
	expr:  expr.TK_GE expr 
	expr:  expr.TK_LE expr 
	expr:  expr.TK_EQ expr 
	expr:  expr.TK_NE expr 
	expr:  expr.T2Comma expr 
	expr:  expr.'+' expr 
	expr:  expr.'-' expr 
	expr:  expr.'*' expr 
	expr:  expr.'/' expr 
	expr:  expr.'%' expr 
	expr:  expr.'^' expr 

	TK_AND  shift 68
	TK_OR  shift 67
	TK_EQ  shift 73
	TK_NE  shift 74
	TK_LE  shift 72
	TK_GE  shift 71
	T2Comma  shift 75
	'>'  shift 69
	'<'  shift 70
	'+'  shift 76
	'-'  shift 77
	'*'  shift 78
	'/'  shift 79
	'%'  shift 80
	'^'  shift 81
	.  reduce 39 (src line 276)


state 116
	expr:  expr.TK_OR expr 
	expr:  expr TK_OR expr.    (49)
	expr:  expr.TK_AND expr 
	expr:  expr.'>' expr 
	expr:  expr.'<' expr 
	expr:  expr.TK_GE expr 
	expr:  expr.TK_LE expr 
	expr:  expr.TK_EQ expr 
	expr:  expr.TK_NE expr 
	expr:  expr.T2Comma expr 
	expr:  expr.'+' expr 
	expr:  expr.'-' expr 
	expr:  expr.'*' expr 
	expr:  expr.'/' expr 
	expr:  expr.'%' expr 
	expr:  expr.'^' expr 

	TK_AND  shift 68
	TK_EQ  shift 73
	TK_NE  shift 74
	TK_LE  shift 72
	TK_GE  shift 71
	T2Comma  shift 75
	'>'  shift 69
	'<'  shift 70
	'+'  shift 76
	'-'  shift 77
	'*'  shift 78
	'/'  shift 79
	'%'  shift 80
	'^'  shift 81
	.  reduce 49 (src line 313)


state 117
	expr:  expr.TK_OR expr 
	expr:  expr.TK_AND expr 
	expr:  expr TK_AND expr.    (50)
	expr:  expr.'>' expr 
	expr:  expr.'<' expr 
	expr:  expr.TK_GE expr 
	expr:  expr.TK_LE expr 
	expr:  expr.TK_EQ expr 
	expr:  expr.TK_NE expr 
	expr:  expr.T2Comma expr 
	expr:  expr.'+' expr 
	expr:  expr.'-' expr 
	expr:  expr.'*' expr 
	expr:  expr.'/' expr 
	expr:  expr.'%' expr 
	expr:  expr.'^' expr 

	TK_EQ  shift 73
	TK_NE  shift 74
	TK_LE  shift 72
	TK_GE  shift 71
	T2Comma  shift 75
	'>'  shift 69
	'<'  shift 70
	'+'  shift 76
	'-'  shift 77
	'*'  shift 78
	'/'  shift 79
	'%'  shift 80
	'^'  shift 81
	.  reduce 50 (src line 317)


state 118
	expr:  expr.TK_OR expr 
	expr:  expr.TK_AND expr 
	expr:  expr.'>' expr 
	expr:  expr '>' expr.    (51)
	expr:  expr.'<' expr 
	expr:  expr.TK_GE expr 
	expr:  expr.TK_LE expr 
	expr:  expr.TK_EQ expr 
	expr:  expr.TK_NE expr 
	expr:  expr.T2Comma expr 
	expr:  expr.'+' expr 
	expr:  expr.'-' expr 
	expr:  expr.'*' expr 
	expr:  expr.'/' expr 
	expr:  expr.'%' expr 
	expr:  expr.'^' expr 

	T2Comma  shift 75
	'+'  shift 76
	'-'  shift 77
	'*'  shift 78
	'/'  shift 79
	'%'  shift 80
	'^'  shift 81
	.  reduce 51 (src line 321)


state 119
	expr:  expr.TK_OR expr 
	expr:  expr.TK_AND expr 
	expr:  expr.'>' expr 
	expr:  expr.'<' expr 
	expr:  expr '<' expr.    (52)
	expr:  expr.TK_GE expr 
	expr:  expr.TK_LE expr 
	expr:  expr.TK_EQ expr 
	expr:  expr.TK_NE expr 
	expr:  expr.T2Comma expr 
	expr:  expr.'+' expr 
	expr:  expr.'-' expr 
	expr:  expr.'*' expr 
	expr:  expr.'/' expr 
	expr:  expr.'%' expr 
	expr:  expr.'^' expr 

	T2Comma  shift 75
	'+'  shift 76
	'-'  shift 77
	'*'  shift 78
	'/'  shift 79
	'%'  shift 80
	'^'  shift 81
	.  reduce 52 (src line 325)


state 120
	expr:  expr.TK_OR expr 
	expr:  expr.TK_AND expr 
	expr:  expr.'>' expr 
	expr:  expr.'<' expr 
	expr:  expr.TK_GE expr 
	expr:  expr TK_GE expr.    (53)
	expr:  expr.TK_LE expr 
	expr:  expr.TK_EQ expr 
	expr:  expr.TK_NE expr 
	expr:  expr.T2Comma expr 
	expr:  expr.'+' expr 
	expr:  expr.'-' expr 
	expr:  expr.'*' expr 
	expr:  expr.'/' expr 
	expr:  expr.'%' expr 
	expr:  expr.'^' expr 

	T2Comma  shift 75
	'+'  shift 76
	'-'  shift 77
	'*'  shift 78
	'/'  shift 79
	'%'  shift 80
	'^'  shift 81
	.  reduce 53 (src line 329)


state 121
	expr:  expr.TK_OR expr 
	expr:  expr.TK_AND expr 
	expr:  expr.'>' expr 
	expr:  expr.'<' expr 
	expr:  expr.TK_GE expr 
	expr:  expr.TK_LE expr 
	expr:  expr TK_LE expr.    (54)
	expr:  expr.TK_EQ expr 
	expr:  expr.TK_NE expr 
	expr:  expr.T2Comma expr 
	expr:  expr.'+' expr 
	expr:  expr.'-' expr 
	expr:  expr.'*' expr 
	expr:  expr.'/' expr 
	expr:  expr.'%' expr 
	expr:  expr.'^' expr 

	T2Comma  shift 75
	'+'  shift 76
	'-'  shift 77
	'*'  shift 78
	'/'  shift 79
	'%'  shift 80
	'^'  shift 81
	.  reduce 54 (src line 333)


state 122
	expr:  expr.TK_OR expr 
	expr:  expr.TK_AND expr 
	expr:  expr.'>' expr 
	expr:  expr.'<' expr 
	expr:  expr.TK_GE expr 
	expr:  expr.TK_LE expr 
	expr:  expr.TK_EQ expr 
	expr:  expr TK_EQ expr.    (55)
	expr:  expr.TK_NE expr 
	expr:  expr.T2Comma expr 
	expr:  expr.'+' expr 
	expr:  expr.'-' expr 
	expr:  expr.'*' expr 
	expr:  expr.'/' expr 
	expr:  expr.'%' expr 
	expr:  expr.'^' expr 

	T2Comma  shift 75
	'+'  shift 76
	'-'  shift 77
	'*'  shift 78
	'/'  shift 79
	'%'  shift 80
	'^'  shift 81
	.  reduce 55 (src line 337)


state 123
	expr:  expr.TK_OR expr 
	expr:  expr.TK_AND expr 
	expr:  expr.'>' expr 
	expr:  expr.'<' expr 
	expr:  expr.TK_GE expr 
	expr:  expr.TK_LE expr 
	expr:  expr.TK_EQ expr 
	expr:  expr.TK_NE expr 
	expr:  expr TK_NE expr.    (56)
	expr:  expr.T2Comma expr 
	expr:  expr.'+' expr 
	expr:  expr.'-' expr 
	expr:  expr.'*' expr 
	expr:  expr.'/' expr 
	expr:  expr.'%' expr 
	expr:  expr.'^' expr 

	T2Comma  shift 75
	'+'  shift 76
	'-'  shift 77
	'*'  shift 78
	'/'  shift 79
	'%'  shift 80
	'^'  shift 81
	.  reduce 56 (src line 341)


state 124
	expr:  expr.TK_OR expr 
	expr:  expr.TK_AND expr 
	expr:  expr.'>' expr 
	expr:  expr.'<' expr 
	expr:  expr.TK_GE expr 
	expr:  expr.TK_LE expr 
	expr:  expr.TK_EQ expr 
	expr:  expr.TK_NE expr 
	expr:  expr.T2Comma expr 
	expr:  expr T2Comma expr.    (57)
	expr:  expr.'+' expr 
	expr:  expr.'-' expr 
	expr:  expr.'*' expr 
	expr:  expr.'/' expr 
	expr:  expr.'%' expr 
	expr:  expr.'^' expr 

	T2Comma  shift 75
	'+'  shift 76
	'-'  shift 77
	'*'  shift 78
	'/'  shift 79
	'%'  shift 80
	'^'  shift 81
	.  reduce 57 (src line 345)


state 125
	expr:  expr.TK_OR expr 
	expr:  expr.TK_AND expr 
	expr:  expr.'>' expr 
	expr:  expr.'<' expr 
	expr:  expr.TK_GE expr 
	expr:  expr.TK_LE expr 
	expr:  expr.TK_EQ expr 
	expr:  expr.TK_NE expr 
	expr:  expr.T2Comma expr 
	expr:  expr.'+' expr 
	expr:  expr '+' expr.    (58)
	expr:  expr.'-' expr 
	expr:  expr.'*' expr 
	expr:  expr.'/' expr 
	expr:  expr.'%' expr 
	expr:  expr.'^' expr 

	'*'  shift 78
	'/'  shift 79
	'%'  shift 80
	'^'  shift 81
	.  reduce 58 (src line 349)


state 126
	expr:  expr.TK_OR expr 
	expr:  expr.TK_AND expr 
	expr:  expr.'>' expr 
	expr:  expr.'<' expr 
	expr:  expr.TK_GE expr 
	expr:  expr.TK_LE expr 
	expr:  expr.TK_EQ expr 
	expr:  expr.TK_NE expr 
	expr:  expr.T2Comma expr 
	expr:  expr.'+' expr 
	expr:  expr.'-' expr 
	expr:  expr '-' expr.    (59)
	expr:  expr.'*' expr 
	expr:  expr.'/' expr 
	expr:  expr.'%' expr 
	expr:  expr.'^' expr 

	'*'  shift 78
	'/'  shift 79
	'%'  shift 80
	'^'  shift 81
	.  reduce 59 (src line 353)


state 127
	expr:  expr.TK_OR expr 
	expr:  expr.TK_AND expr 
	expr:  expr.'>' expr 
	expr:  expr.'<' expr 
	expr:  expr.TK_GE expr 
	expr:  expr.TK_LE expr 
	expr:  expr.TK_EQ expr 
	expr:  expr.TK_NE expr 
	expr:  expr.T2Comma expr 
	expr:  expr.'+' expr 
	expr:  expr.'-' expr 
	expr:  expr.'*' expr 
	expr:  expr '*' expr.    (60)
	expr:  expr.'/' expr 
	expr:  expr.'%' expr 
	expr:  expr.'^' expr 

	'^'  shift 81
	.  reduce 60 (src line 357)


state 128
	expr:  expr.TK_OR expr 
	expr:  expr.TK_AND expr 
	expr:  expr.'>' expr 
	expr:  expr.'<' expr 
	expr:  expr.TK_GE expr 
	expr:  expr.TK_LE expr 
	expr:  expr.TK_EQ expr 
	expr:  expr.TK_NE expr 
	expr:  expr.T2Comma expr 
	expr:  expr.'+' expr 
	expr:  expr.'-' expr 
	expr:  expr.'*' expr 
	expr:  expr.'/' expr 
	expr:  expr '/' expr.    (61)
	expr:  expr.'%' expr 
	expr:  expr.'^' expr 

	'^'  shift 81
	.  reduce 61 (src line 361)


state 129
	expr:  expr.TK_OR expr 
	expr:  expr.TK_AND expr 
	expr:  expr.'>' expr 
	expr:  expr.'<' expr 
	expr:  expr.TK_GE expr 
	expr:  expr.TK_LE expr 
	expr:  expr.TK_EQ expr 
	expr:  expr.TK_NE expr 
	expr:  expr.T2Comma expr 
	expr:  expr.'+' expr 
	expr:  expr.'-' expr 
	expr:  expr.'*' expr 
	expr:  expr.'/' expr 
	expr:  expr.'%' expr 
	expr:  expr '%' expr.    (62)
	expr:  expr.'^' expr 

	'^'  shift 81
	.  reduce 62 (src line 365)


state 130
	expr:  expr.TK_OR expr 
	expr:  expr.TK_AND expr 
	expr:  expr.'>' expr 
	expr:  expr.'<' expr 
	expr:  expr.TK_GE expr 
	expr:  expr.TK_LE expr 
	expr:  expr.TK_EQ expr 
	expr:  expr.TK_NE expr 
	expr:  expr.T2Comma expr 
	expr:  expr.'+' expr 
	expr:  expr.'-' expr 
	expr:  expr.'*' expr 
	expr:  expr.'/' expr 
	expr:  expr.'%' expr 
	expr:  expr.'^' expr 
	expr:  expr '^' expr.    (63)

	'^'  shift 81
	.  reduce 63 (src line 369)


state 131
	funcbody:  '(' parlist.')' block TK_END 

	')'  shift 154
	.  error


state 132
	funcbody:  '(' ')'.block TK_END 
	chunk1: .    (4)

	.  reduce 4 (src line 97)

	chunk  goto 52
	chunk1  goto 2
	block  goto 155

state 133
	parlist:  T3Comma.    (83)

	.  reduce 83 (src line 466)


state 134
	namelist:  namelist.',' TK_NAME 
	parlist:  namelist.    (84)
	parlist:  namelist.',' T3Comma 

	','  shift 156
	.  reduce 84 (src line 469)


state 135
	tableconstructor:  '{' fieldlist '}'.    (87)

	.  reduce 87 (src line 484)


state 136
	fieldlist:  fieldlist fieldsep.field 
	fieldlist:  fieldlist fieldsep.    (90)

	TK_FALSE  shift 26
	TK_FUNCTION  shift 38
	TK_NIL  shift 25
	TK_NOT  shift 35
	TK_TRUE  shift 27
	TK_SHORTCOMMENT  shift 37
	TK_NAME  shift 90
	TK_NUMBER  shift 28
	TK_STRING  shift 40
	T3Comma  shift 29
	'{'  shift 41
	'('  shift 20
	'-'  shift 34
	'['  shift 91
	'#'  shift 36
	.  reduce 90 (src line 497)

	var  goto 39
	expr  goto 92
	string  goto 32
	prefixexp  goto 31
	functioncall  goto 19
	afunctioncall  goto 18
	function  goto 30
	tableconstructor  goto 33
	field  goto 157

state 137
	fieldsep:  ','.    (94)

	.  reduce 94 (src line 514)


state 138
	fieldsep:  ';'.    (95)

	.  reduce 95 (src line 517)


state 139
	field:  TK_NAME '='.expr 

	TK_FALSE  shift 26
	TK_FUNCTION  shift 38
	TK_NIL  shift 25
	TK_NOT  shift 35
	TK_TRUE  shift 27
	TK_SHORTCOMMENT  shift 37
	TK_NAME  shift 21
	TK_NUMBER  shift 28
	TK_STRING  shift 40
	T3Comma  shift 29
	'{'  shift 41
	'('  shift 20
	'-'  shift 34
	'#'  shift 36
	.  error

	var  goto 39
	expr  goto 158
	string  goto 32
	prefixexp  goto 31
	functioncall  goto 19
	afunctioncall  goto 18
	function  goto 30
	tableconstructor  goto 33

state 140
	expr:  expr.TK_OR expr 
	expr:  expr.TK_AND expr 
	expr:  expr.'>' expr 
	expr:  expr.'<' expr 
	expr:  expr.TK_GE expr 
	expr:  expr.TK_LE expr 
	expr:  expr.TK_EQ expr 
	expr:  expr.TK_NE expr 
	expr:  expr.T2Comma expr 
	expr:  expr.'+' expr 
	expr:  expr.'-' expr 
	expr:  expr.'*' expr 
	expr:  expr.'/' expr 
	expr:  expr.'%' expr 
	expr:  expr.'^' expr 
	field:  '[' expr.']' '=' expr 

	TK_AND  shift 68
	TK_OR  shift 67
	TK_EQ  shift 73
	TK_NE  shift 74
	TK_LE  shift 72
	TK_GE  shift 71
	T2Comma  shift 75
	'>'  shift 69
	'<'  shift 70
	'+'  shift 76
	'-'  shift 77
	'*'  shift 78
	'/'  shift 79
	'%'  shift 80
	'^'  shift 81
	']'  shift 159
	.  error


state 141
	var:  prefixexp '[' expr ']'.    (34)

	.  reduce 34 (src line 253)


state 142
	functioncall:  prefixexp ':' TK_NAME args.    (75)

	.  reduce 75 (src line 421)


state 143
	args:  '(' exprlist ')'.    (77)

	.  reduce 77 (src line 433)


state 144
	stat:  TK_WHILE expr TK_DO block.TK_END 

	TK_END  shift 160
	.  error


state 145
	stat:  TK_REPEAT block TK_UNTIL expr.    (12)
	expr:  expr.TK_OR expr 
	expr:  expr.TK_AND expr 
	expr:  expr.'>' expr 
	expr:  expr.'<' expr 
	expr:  expr.TK_GE expr 
	expr:  expr.TK_LE expr 
	expr:  expr.TK_EQ expr 
	expr:  expr.TK_NE expr 
	expr:  expr.T2Comma expr 
	expr:  expr.'+' expr 
	expr:  expr.'-' expr 
	expr:  expr.'*' expr 
	expr:  expr.'/' expr 
	expr:  expr.'%' expr 
	expr:  expr.'^' expr 

	TK_AND  shift 68
	TK_OR  shift 67
	TK_EQ  shift 73
	TK_NE  shift 74
	TK_LE  shift 72
	TK_GE  shift 71
	T2Comma  shift 75
	'>'  shift 69
	'<'  shift 70
	'+'  shift 76
	'-'  shift 77
	'*'  shift 78
	'/'  shift 79
	'%'  shift 80
	'^'  shift 81
	.  reduce 12 (src line 136)


state 146
	stat:  TK_IF expr TK_THEN block.elseifs TK_END 
	stat:  TK_IF expr TK_THEN block.elseifs TK_ELSE block TK_END 
	elseifs: .    (22)

	.  reduce 22 (src line 197)

	elseifs  goto 161

state 147
	stat:  TK_FOR TK_NAME '=' expr.',' expr TK_DO block TK_END 
	stat:  TK_FOR TK_NAME '=' expr.',' expr ',' expr TK_DO block TK_END 
	expr:  expr.TK_OR expr 
	expr:  expr.TK_AND expr 
	expr:  expr.'>' expr 
	expr:  expr.'<' expr 
	expr:  expr.TK_GE expr 
	expr:  expr.TK_LE expr 
	expr:  expr.TK_EQ expr 
	expr:  expr.TK_NE expr 
	expr:  expr.T2Comma expr 
	expr:  expr.'+' expr 
	expr:  expr.'-' expr 
	expr:  expr.'*' expr 
	expr:  expr.'/' expr 
	expr:  expr.'%' expr 
	expr:  expr.'^' expr 

	TK_AND  shift 68
	TK_OR  shift 67
	TK_EQ  shift 73
	TK_NE  shift 74
	TK_LE  shift 72
	TK_GE  shift 71
	T2Comma  shift 75
	'>'  shift 69
	'<'  shift 70
	'+'  shift 76
	'-'  shift 77
	'*'  shift 78
	'/'  shift 79
	'%'  shift 80
	'^'  shift 81
	','  shift 162
	.  error


state 148
	stat:  TK_FOR namelist TK_IN exprlist.TK_DO block TK_END 
	exprlist:  exprlist.',' expr 

	TK_DO  shift 163
	','  shift 66
	.  error


state 149
	namelist:  namelist ',' TK_NAME.    (37)

	.  reduce 37 (src line 268)


state 150
	funcname:  funcname1 ':' TK_NAME.    (28)

	.  reduce 28 (src line 223)


state 151
	funcname1:  funcname1 '.' TK_NAME.    (30)

	.  reduce 30 (src line 232)


state 152
	stat:  TK_LOCAL TK_FUNCTION TK_NAME funcbody.    (19)

	.  reduce 19 (src line 182)


state 153
	stat:  TK_LOCAL namelist '=' exprlist.    (20)
	exprlist:  exprlist.',' expr 

	','  shift 66
	.  reduce 20 (src line 187)


state 154
	funcbody:  '(' parlist ')'.block TK_END 
	chunk1: .    (4)

	.  reduce 4 (src line 97)

	chunk  goto 52
	chunk1  goto 2
	block  goto 164

state 155
	funcbody:  '(' ')' block.TK_END 

	TK_END  shift 165
	.  error


state 156
	namelist:  namelist ','.TK_NAME 
	parlist:  namelist ','.T3Comma 

	TK_NAME  shift 149
	T3Comma  shift 166
	.  error


state 157
	fieldlist:  fieldlist fieldsep field.    (89)

	.  reduce 89 (src line 494)


state 158
	expr:  expr.TK_OR expr 
	expr:  expr.TK_AND expr 
	expr:  expr.'>' expr 
	expr:  expr.'<' expr 
	expr:  expr.TK_GE expr 
	expr:  expr.TK_LE expr 
	expr:  expr.TK_EQ expr 
	expr:  expr.TK_NE expr 
	expr:  expr.T2Comma expr 
	expr:  expr.'+' expr 
	expr:  expr.'-' expr 
	expr:  expr.'*' expr 
	expr:  expr.'/' expr 
	expr:  expr.'%' expr 
	expr:  expr.'^' expr 
	field:  TK_NAME '=' expr.    (91)

	TK_AND  shift 68
	TK_OR  shift 67
	TK_EQ  shift 73
	TK_NE  shift 74
	TK_LE  shift 72
	TK_GE  shift 71
	T2Comma  shift 75
	'>'  shift 69
	'<'  shift 70
	'+'  shift 76
	'-'  shift 77
	'*'  shift 78
	'/'  shift 79
	'%'  shift 80
	'^'  shift 81
	.  reduce 91 (src line 502)


state 159
	field:  '[' expr ']'.'=' expr 

	'='  shift 167
	.  error


state 160
	stat:  TK_WHILE expr TK_DO block TK_END.    (11)

	.  reduce 11 (src line 131)


state 161
	stat:  TK_IF expr TK_THEN block elseifs.TK_END 
	stat:  TK_IF expr TK_THEN block elseifs.TK_ELSE block TK_END 
	elseifs:  elseifs.TK_ELSEIF expr TK_THEN block 

	TK_ELSE  shift 169
	TK_ELSEIF  shift 170
	TK_END  shift 168
	.  error


state 162
	stat:  TK_FOR TK_NAME '=' expr ','.expr TK_DO block TK_END 
	stat:  TK_FOR TK_NAME '=' expr ','.expr ',' expr TK_DO block TK_END 

	TK_FALSE  shift 26
	TK_FUNCTION  shift 38
	TK_NIL  shift 25
	TK_NOT  shift 35
	TK_TRUE  shift 27
	TK_SHORTCOMMENT  shift 37
	TK_NAME  shift 21
	TK_NUMBER  shift 28
	TK_STRING  shift 40
	T3Comma  shift 29
	'{'  shift 41
	'('  shift 20
	'-'  shift 34
	'#'  shift 36
	.  error

	var  goto 39
	expr  goto 171
	string  goto 32
	prefixexp  goto 31
	functioncall  goto 19
	afunctioncall  goto 18
	function  goto 30
	tableconstructor  goto 33

state 163
	stat:  TK_FOR namelist TK_IN exprlist TK_DO.block TK_END 
	chunk1: .    (4)

	.  reduce 4 (src line 97)

	chunk  goto 52
	chunk1  goto 2
	block  goto 172

state 164
	funcbody:  '(' parlist ')' block.TK_END 

	TK_END  shift 173
	.  error


state 165
	funcbody:  '(' ')' block TK_END.    (82)

	.  reduce 82 (src line 459)


state 166
	parlist:  namelist ',' T3Comma.    (85)

	.  reduce 85 (src line 473)


state 167
	field:  '[' expr ']' '='.expr 

	TK_FALSE  shift 26
	TK_FUNCTION  shift 38
	TK_NIL  shift 25
	TK_NOT  shift 35
	TK_TRUE  shift 27
	TK_SHORTCOMMENT  shift 37
	TK_NAME  shift 21
	TK_NUMBER  shift 28
	TK_STRING  shift 40
	T3Comma  shift 29
	'{'  shift 41
	'('  shift 20
	'-'  shift 34
	'#'  shift 36
	.  error

	var  goto 39
	expr  goto 174
	string  goto 32
	prefixexp  goto 31
	functioncall  goto 19
	afunctioncall  goto 18
	function  goto 30
	tableconstructor  goto 33

state 168
	stat:  TK_IF expr TK_THEN block elseifs TK_END.    (13)

	.  reduce 13 (src line 141)


state 169
	stat:  TK_IF expr TK_THEN block elseifs TK_ELSE.block TK_END 
	chunk1: .    (4)

	.  reduce 4 (src line 97)

	chunk  goto 52
	chunk1  goto 2
	block  goto 175

state 170
	elseifs:  elseifs TK_ELSEIF.expr TK_THEN block 

	TK_FALSE  shift 26
	TK_FUNCTION  shift 38
	TK_NIL  shift 25
	TK_NOT  shift 35
	TK_TRUE  shift 27
	TK_SHORTCOMMENT  shift 37
	TK_NAME  shift 21
	TK_NUMBER  shift 28
	TK_STRING  shift 40
	T3Comma  shift 29
	'{'  shift 41
	'('  shift 20
	'-'  shift 34
	'#'  shift 36
	.  error

	var  goto 39
	expr  goto 176
	string  goto 32
	prefixexp  goto 31
	functioncall  goto 19
	afunctioncall  goto 18
	function  goto 30
	tableconstructor  goto 33

state 171
	stat:  TK_FOR TK_NAME '=' expr ',' expr.TK_DO block TK_END 
	stat:  TK_FOR TK_NAME '=' expr ',' expr.',' expr TK_DO block TK_END 
	expr:  expr.TK_OR expr 
	expr:  expr.TK_AND expr 
	expr:  expr.'>' expr 
	expr:  expr.'<' expr 
	expr:  expr.TK_GE expr 
	expr:  expr.TK_LE expr 
	expr:  expr.TK_EQ expr 
	expr:  expr.TK_NE expr 
	expr:  expr.T2Comma expr 
	expr:  expr.'+' expr 
	expr:  expr.'-' expr 
	expr:  expr.'*' expr 
	expr:  expr.'/' expr 
	expr:  expr.'%' expr 
	expr:  expr.'^' expr 

	TK_AND  shift 68
	TK_DO  shift 177
	TK_OR  shift 67
	TK_EQ  shift 73
	TK_NE  shift 74
	TK_LE  shift 72
	TK_GE  shift 71
	T2Comma  shift 75
	'>'  shift 69
	'<'  shift 70
	'+'  shift 76
	'-'  shift 77
	'*'  shift 78
	'/'  shift 79
	'%'  shift 80
	'^'  shift 81
	','  shift 178
	.  error


state 172
	stat:  TK_FOR namelist TK_IN exprlist TK_DO block.TK_END 

	TK_END  shift 179
	.  error


state 173
	funcbody:  '(' parlist ')' block TK_END.    (81)

	.  reduce 81 (src line 454)


state 174
	expr:  expr.TK_OR expr 
	expr:  expr.TK_AND expr 
	expr:  expr.'>' expr 
	expr:  expr.'<' expr 
	expr:  expr.TK_GE expr 
	expr:  expr.TK_LE expr 
	expr:  expr.TK_EQ expr 
	expr:  expr.TK_NE expr 
	expr:  expr.T2Comma expr 
	expr:  expr.'+' expr 
	expr:  expr.'-' expr 
	expr:  expr.'*' expr 
	expr:  expr.'/' expr 
	expr:  expr.'%' expr 
	expr:  expr.'^' expr 
	field:  '[' expr ']' '=' expr.    (92)

	TK_AND  shift 68
	TK_OR  shift 67
	TK_EQ  shift 73
	TK_NE  shift 74
	TK_LE  shift 72
	TK_GE  shift 71
	T2Comma  shift 75
	'>'  shift 69
	'<'  shift 70
	'+'  shift 76
	'-'  shift 77
	'*'  shift 78
	'/'  shift 79
	'%'  shift 80
	'^'  shift 81
	.  reduce 92 (src line 506)


state 175
	stat:  TK_IF expr TK_THEN block elseifs TK_ELSE block.TK_END 

	TK_END  shift 180
	.  error


state 176
	elseifs:  elseifs TK_ELSEIF expr.TK_THEN block 
	expr:  expr.TK_OR expr 
	expr:  expr.TK_AND expr 
	expr:  expr.'>' expr 
	expr:  expr.'<' expr 
	expr:  expr.TK_GE expr 
	expr:  expr.TK_LE expr 
	expr:  expr.TK_EQ expr 
	expr:  expr.TK_NE expr 
	expr:  expr.T2Comma expr 
	expr:  expr.'+' expr 
	expr:  expr.'-' expr 
	expr:  expr.'*' expr 
	expr:  expr.'/' expr 
	expr:  expr.'%' expr 
	expr:  expr.'^' expr 

	TK_AND  shift 68
	TK_OR  shift 67
	TK_THEN  shift 181
	TK_EQ  shift 73
	TK_NE  shift 74
	TK_LE  shift 72
	TK_GE  shift 71
	T2Comma  shift 75
	'>'  shift 69
	'<'  shift 70
	'+'  shift 76
	'-'  shift 77
	'*'  shift 78
	'/'  shift 79
	'%'  shift 80
	'^'  shift 81
	.  error


state 177
	stat:  TK_FOR TK_NAME '=' expr ',' expr TK_DO.block TK_END 
	chunk1: .    (4)

	.  reduce 4 (src line 97)

	chunk  goto 52
	chunk1  goto 2
	block  goto 182

state 178
	stat:  TK_FOR TK_NAME '=' expr ',' expr ','.expr TK_DO block TK_END 

	TK_FALSE  shift 26
	TK_FUNCTION  shift 38
	TK_NIL  shift 25
	TK_NOT  shift 35
	TK_TRUE  shift 27
	TK_SHORTCOMMENT  shift 37
	TK_NAME  shift 21
	TK_NUMBER  shift 28
	TK_STRING  shift 40
	T3Comma  shift 29
	'{'  shift 41
	'('  shift 20
	'-'  shift 34
	'#'  shift 36
	.  error

	var  goto 39
	expr  goto 183
	string  goto 32
	prefixexp  goto 31
	functioncall  goto 19
	afunctioncall  goto 18
	function  goto 30
	tableconstructor  goto 33

state 179
	stat:  TK_FOR namelist TK_IN exprlist TK_DO block TK_END.    (17)

	.  reduce 17 (src line 172)


state 180
	stat:  TK_IF expr TK_THEN block elseifs TK_ELSE block TK_END.    (14)

	.  reduce 14 (src line 151)


state 181
	elseifs:  elseifs TK_ELSEIF expr TK_THEN.block 
	chunk1: .    (4)

	.  reduce 4 (src line 97)

	chunk  goto 52
	chunk1  goto 2
	block  goto 184

state 182
	stat:  TK_FOR TK_NAME '=' expr ',' expr TK_DO block.TK_END 

	TK_END  shift 185
	.  error


state 183
	stat:  TK_FOR TK_NAME '=' expr ',' expr ',' expr.TK_DO block TK_END 
	expr:  expr.TK_OR expr 
	expr:  expr.TK_AND expr 
	expr:  expr.'>' expr 
	expr:  expr.'<' expr 
	expr:  expr.TK_GE expr 
	expr:  expr.TK_LE expr 
	expr:  expr.TK_EQ expr 
	expr:  expr.TK_NE expr 
	expr:  expr.T2Comma expr 
	expr:  expr.'+' expr 
	expr:  expr.'-' expr 
	expr:  expr.'*' expr 
	expr:  expr.'/' expr 
	expr:  expr.'%' expr 
	expr:  expr.'^' expr 

	TK_AND  shift 68
	TK_DO  shift 186
	TK_OR  shift 67
	TK_EQ  shift 73
	TK_NE  shift 74
	TK_LE  shift 72
	TK_GE  shift 71
	T2Comma  shift 75
	'>'  shift 69
	'<'  shift 70
	'+'  shift 76
	'-'  shift 77
	'*'  shift 78
	'/'  shift 79
	'%'  shift 80
	'^'  shift 81
	.  error


state 184
	elseifs:  elseifs TK_ELSEIF expr TK_THEN block.    (23)

	.  reduce 23 (src line 200)


state 185
	stat:  TK_FOR TK_NAME '=' expr ',' expr TK_DO block TK_END.    (15)

	.  reduce 15 (src line 162)


state 186
	stat:  TK_FOR TK_NAME '=' expr ',' expr ',' expr TK_DO.block TK_END 
	chunk1: .    (4)

	.  reduce 4 (src line 97)

	chunk  goto 52
	chunk1  goto 2
	block  goto 187

state 187
	stat:  TK_FOR TK_NAME '=' expr ',' expr ',' expr TK_DO block.TK_END 

	TK_END  shift 188
	.  error


state 188
	stat:  TK_FOR TK_NAME '=' expr ',' expr ',' expr TK_DO block TK_END.    (16)

	.  reduce 16 (src line 167)


62 terminals, 26 nonterminals
96 grammar rules, 189/8000 states
3 shift/reduce, 0 reduce/reduce conflicts reported
75 working sets used
memory: parser 478/120000
156 extra closures
952 shift entries, 5 exceptions
92 goto entries
289 entries saved by goto default
Optimizer space used: output 641/120000
641 table entries, 216 zero
maximum spread: 62, maximum offset: 186
